Using pre-set license
Built from '2022.3/staging' branch; Version is '2022.3.21f1 (bf09ca542b87) revision 12519882'; Using compiler version '192829333'; Build Type 'Release'
OS: 'Windows 10  (10.0.19045) 64bit Core' Language: 'en' Physical Memory: 12030 MB
BatchMode: 1, IsHumanControllingUs: 0, StartBugReporterOnCrash: 0, Is64bit: 1, IsPro: 1

COMMAND LINE ARGUMENTS:
C:\Program Files\Unity\Hub\Editor\2022.3.21f1\Editor\Unity.exe
-adb2
-batchMode
-noUpm
-name
AssetImportWorker0
-projectPath
C:/Users/zainy/Downloads/Character Customization/Character Customization
-logFile
Logs/AssetImportWorker0.log
-srvPort
52990
Successfully changed project path to: C:/Users/zainy/Downloads/Character Customization/Character Customization
C:/Users/zainy/Downloads/Character Customization/Character Customization
[UnityMemory] Configuration Parameters - Can be set up in boot.config
    "memorysetup-bucket-allocator-granularity=16"
    "memorysetup-bucket-allocator-bucket-count=8"
    "memorysetup-bucket-allocator-block-size=33554432"
    "memorysetup-bucket-allocator-block-count=8"
    "memorysetup-main-allocator-block-size=16777216"
    "memorysetup-thread-allocator-block-size=16777216"
    "memorysetup-gfx-main-allocator-block-size=16777216"
    "memorysetup-gfx-thread-allocator-block-size=16777216"
    "memorysetup-cache-allocator-block-size=4194304"
    "memorysetup-typetree-allocator-block-size=2097152"
    "memorysetup-profiler-bucket-allocator-granularity=16"
    "memorysetup-profiler-bucket-allocator-bucket-count=8"
    "memorysetup-profiler-bucket-allocator-block-size=33554432"
    "memorysetup-profiler-bucket-allocator-block-count=8"
    "memorysetup-profiler-allocator-block-size=16777216"
    "memorysetup-profiler-editor-allocator-block-size=1048576"
    "memorysetup-temp-allocator-size-main=16777216"
    "memorysetup-job-temp-allocator-block-size=2097152"
    "memorysetup-job-temp-allocator-block-size-background=1048576"
    "memorysetup-job-temp-allocator-reduction-small-platforms=262144"
    "memorysetup-allocator-temp-initial-block-size-main=262144"
    "memorysetup-allocator-temp-initial-block-size-worker=262144"
    "memorysetup-temp-allocator-size-background-worker=32768"
    "memorysetup-temp-allocator-size-job-worker=262144"
    "memorysetup-temp-allocator-size-preload-manager=33554432"
    "memorysetup-temp-allocator-size-nav-mesh-worker=65536"
    "memorysetup-temp-allocator-size-audio-worker=65536"
    "memorysetup-temp-allocator-size-cloud-worker=32768"
    "memorysetup-temp-allocator-size-gi-baking-worker=262144"
    "memorysetup-temp-allocator-size-gfx=262144"
Player connection [14752] Host "[IP] 10.1.2.211 [Port] 0 [Flags] 2 [Guid] 1189623406 [EditorId] 1189623406 [Version] 1048832 [Id] WindowsEditor(7,Zains-IdeaPad) [Debug] 1 [PackageName] WindowsEditor [ProjectName] Editor" joined multi-casting on [225.0.0.222:54997]...

Player connection [14752] Host "[IP] 10.1.2.211 [Port] 0 [Flags] 2 [Guid] 1189623406 [EditorId] 1189623406 [Version] 1048832 [Id] WindowsEditor(7,Zains-IdeaPad) [Debug] 1 [PackageName] WindowsEditor [ProjectName] Editor" joined alternative multi-casting on [225.0.0.222:34997]...

[Physics::Module] Initialized MultithreadedJobDispatcher with 7 workers.
Refreshing native plugins compatible for Editor in 29.04 ms, found 3 plugins.
Preloading 0 native plugins for Editor in 0.00 ms.
Initialize engine version: 2022.3.21f1 (bf09ca542b87)
[Subsystems] Discovering subsystems at path C:/Program Files/Unity/Hub/Editor/2022.3.21f1/Editor/Data/Resources/UnitySubsystems
[Subsystems] Discovering subsystems at path C:/Users/zainy/Downloads/Character Customization/Character Customization/Assets
GfxDevice: creating device client; threaded=0; jobified=0
Direct3D:
    Version:  Direct3D 11.0 [level 11.1]
    Renderer: Intel(R) UHD Graphics (ID=0x8a56)
    Vendor:   Intel
    VRAM:     6015 MB
    Driver:   27.20.100.9664
Initialize mono
Mono path[0] = 'C:/Program Files/Unity/Hub/Editor/2022.3.21f1/Editor/Data/Managed'
Mono path[1] = 'C:/Program Files/Unity/Hub/Editor/2022.3.21f1/Editor/Data/MonoBleedingEdge/lib/mono/unityjit-win32'
Mono config path = 'C:/Program Files/Unity/Hub/Editor/2022.3.21f1/Editor/Data/MonoBleedingEdge/etc'
Using monoOptions --debugger-agent=transport=dt_socket,embedding=1,server=y,suspend=n,address=127.0.0.1:56084
Begin MonoManager ReloadAssembly
Registering precompiled unity dll's ...
Register platform support module: C:/Program Files/Unity/Hub/Editor/2022.3.21f1/Editor/Data/PlaybackEngines/WindowsStandaloneSupport/UnityEditor.WindowsStandalone.Extensions.dll
Registered in 0.021691 seconds.
- Loaded All Assemblies, in  0.767 seconds
Native extension for WindowsStandalone target not found
Mono: successfully reloaded assembly
- Finished resetting the current domain, in  0.578 seconds
Domain Reload Profiling: 1340ms
	BeginReloadAssembly (259ms)
		ExecutionOrderSort (0ms)
		DisableScriptedObjects (0ms)
		BackupInstance (0ms)
		ReleaseScriptingObjects (0ms)
		CreateAndSetChildDomain (2ms)
	RebuildCommonClasses (66ms)
	RebuildNativeTypeToScriptingClass (28ms)
	initialDomainReloadingComplete (107ms)
	LoadAllAssembliesAndSetupDomain (302ms)
		LoadAssemblies (252ms)
		RebuildTransferFunctionScriptingTraits (0ms)
		AnalyzeDomain (297ms)
			TypeCache.Refresh (294ms)
				TypeCache.ScanAssembly (262ms)
			ScanForSourceGeneratedMonoScriptInfo (1ms)
			ResolveRequiredComponents (1ms)
	FinalizeReload (579ms)
		ReleaseScriptCaches (0ms)
		RebuildScriptCaches (0ms)
		SetupLoadedEditorAssemblies (458ms)
			LogAssemblyErrors (0ms)
			InitializePlatformSupportModulesInManaged (18ms)
			SetLoadedEditorAssemblies (9ms)
			RefreshPlugins (0ms)
			BeforeProcessingInitializeOnLoad (4ms)
			ProcessInitializeOnLoadAttributes (337ms)
			ProcessInitializeOnLoadMethodAttributes (89ms)
			AfterProcessingInitializeOnLoad (0ms)
			EditorAssembliesLoaded (0ms)
		ExecutionOrderSort2 (0ms)
		AwakeInstancesAfterBackupRestoration (0ms)
========================================================================
Worker process is ready to serve import requests
Begin MonoManager ReloadAssembly
- Loaded All Assemblies, in  1.395 seconds
Refreshing native plugins compatible for Editor in 7.58 ms, found 3 plugins.
Native extension for WindowsStandalone target not found
Package Manager log level set to [2]
[Package Manager] Server::EnsureServerProcessIsRunning -- launch failed, reason: Unity was launched with the -noUpm command-line argument
[Package Manager] UpmClient::Send -- Unable to send message (not connected to UPM process).
[Package Manager] Cannot connect to Unity Package Manager local server
Mono: successfully reloaded assembly
- Finished resetting the current domain, in  1.135 seconds
Domain Reload Profiling: 2515ms
	BeginReloadAssembly (296ms)
		ExecutionOrderSort (0ms)
		DisableScriptedObjects (12ms)
		BackupInstance (0ms)
		ReleaseScriptingObjects (0ms)
		CreateAndSetChildDomain (29ms)
	RebuildCommonClasses (62ms)
	RebuildNativeTypeToScriptingClass (15ms)
	initialDomainReloadingComplete (101ms)
	LoadAllAssembliesAndSetupDomain (905ms)
		LoadAssemblies (680ms)
		RebuildTransferFunctionScriptingTraits (0ms)
		AnalyzeDomain (405ms)
			TypeCache.Refresh (370ms)
				TypeCache.ScanAssembly (336ms)
			ScanForSourceGeneratedMonoScriptInfo (29ms)
			ResolveRequiredComponents (4ms)
	FinalizeReload (1136ms)
		ReleaseScriptCaches (0ms)
		RebuildScriptCaches (0ms)
		SetupLoadedEditorAssemblies (853ms)
			LogAssemblyErrors (0ms)
			InitializePlatformSupportModulesInManaged (23ms)
			SetLoadedEditorAssemblies (8ms)
			RefreshPlugins (0ms)
			BeforeProcessingInitializeOnLoad (126ms)
			ProcessInitializeOnLoadAttributes (630ms)
			ProcessInitializeOnLoadMethodAttributes (36ms)
			AfterProcessingInitializeOnLoad (30ms)
			EditorAssembliesLoaded (0ms)
		ExecutionOrderSort2 (0ms)
		AwakeInstancesAfterBackupRestoration (14ms)
Launched and connected shader compiler UnityShaderCompiler.exe after 0.08 seconds
Refreshing native plugins compatible for Editor in 9.82 ms, found 3 plugins.
Preloading 0 native plugins for Editor in 0.00 ms.
Unloading 3098 Unused Serialized files (Serialized files now loaded: 0)
Unloading 32 unused Assets / (57.0 KB). Loaded Objects now: 3559.
Memory consumption went from 121.1 MB to 121.0 MB.
Total: 6.076100 ms (FindLiveObjects: 0.611500 ms CreateObjectMapping: 0.396400 ms MarkObjects: 4.897900 ms  DeleteObjects: 0.167500 ms)

AssetImportParameters requested are different than current active one (requested -> active):
  custom:container-demuxer-ogg: 62fdf1f143b41e24485cea50d1cbac27 -> 
  custom:video-codec-MediaFoundation-h265: 746d11721c4dcdbdad8f713fa42b33f4 -> 
  custom:video-decoder-ogg-theora: a1e56fd34408186e4bbccfd4996cb3dc -> 
  custom:framework-win-MediaFoundation: 216162199b28c13a410421893ffa2e32 -> 
  custom:CustomObjectIndexerAttribute: 9a22284fe3817be447336de3de66b15e -> 
  custom:container-demuxer-webm: 4f35f7cbe854078d1ac9338744f61a02 -> 
  custom:container-muxer-webm: aa71ff27fc2769a1b78a27578f13a17b -> 
  custom:video-decoder-webm-vp8: 9c59270c3fd7afecdb556c50c9e8de78 -> 
  custom:SearchIndexIgnoredProperties: e643bd26f0fe6173181afceb89e7c659 -> 
  custom:AudioImporter_EditorPlatform: d09bf68614088b80899f8185d706f6e7 -> 
  custom:video-encoder-webm-vp8: eb34c28f22e8b96e1ab97ce403110664 -> 
  custom:audio-decoder-ogg-vorbis: bf7c407c2cedff20999df2af8eb42d56 -> 
  custom:audio-encoder-webm-vorbis: bf7c407c2cedff20999df2af8eb42d56 -> 
========================================================================
Received Import Request.
  Time since last request: 5816.425709 seconds.
  path: Assets/stickers-why-so-serious-removebg-preview.png
  artifactKey: Guid(eba79f7f4e68804489e3584075fe2820) Importer(815301076,1909f56bfc062723c751e8b465ee728b)
Start importing Assets/stickers-why-so-serious-removebg-preview.png using Guid(eba79f7f4e68804489e3584075fe2820) Importer(815301076,1909f56bfc062723c751e8b465ee728b)  -> (artifact id: '4b77065ff2b12d3a2900f08cac832bfc') in 0.150591 seconds
Number of updated asset objects reloaded before import = 0
Number of asset objects unloaded after import = 2
========================================================================
Received Import Request.
  Time since last request: 0.000054 seconds.
  path: Assets/stickers-why-so-serious-removebg-preview.png
  artifactKey: Guid(eba79f7f4e68804489e3584075fe2820) Importer(815301076,1909f56bfc062723c751e8b465ee728b)
Start importing Assets/stickers-why-so-serious-removebg-preview.png using Guid(eba79f7f4e68804489e3584075fe2820) Importer(815301076,1909f56bfc062723c751e8b465ee728b)  -> (artifact id: '4b77065ff2b12d3a2900f08cac832bfc') in 0.018035 seconds
Number of updated asset objects reloaded before import = 0
Number of asset objects unloaded after import = 2
========================================================================
Received Import Request.
  Time since last request: 54.615085 seconds.
  path: Assets/stickers-why-so-serious.jpg
  artifactKey: Guid(41571432bcfe3e241b539dfbe9eeb093) Importer(815301076,1909f56bfc062723c751e8b465ee728b)
Start importing Assets/stickers-why-so-serious.jpg using Guid(41571432bcfe3e241b539dfbe9eeb093) Importer(815301076,1909f56bfc062723c751e8b465ee728b)  -> (artifact id: '23bee4598df730665444d7b201e90c7f') in 0.032169 seconds
Number of updated asset objects reloaded before import = 0
Number of asset objects unloaded after import = 2
========================================================================
Received Import Request.
  Time since last request: 299.957438 seconds.
  path: Assets/stickers-why-so-serious.jpg
  artifactKey: Guid(41571432bcfe3e241b539dfbe9eeb093) Importer(815301076,1909f56bfc062723c751e8b465ee728b)
Start importing Assets/stickers-why-so-serious.jpg using Guid(41571432bcfe3e241b539dfbe9eeb093) Importer(815301076,1909f56bfc062723c751e8b465ee728b)  -> (artifact id: '90f3b85bbe9800ca922f6f7050990d41') in 0.030211 seconds
Number of updated asset objects reloaded before import = 0
Number of asset objects unloaded after import = 2
========================================================================
Received Import Request.
  Time since last request: 87.846282 seconds.
  path: Assets/hahaha.jpg
  artifactKey: Guid(4bd1feadc5ae5874ca7d1b05242eb54b) Importer(815301076,1909f56bfc062723c751e8b465ee728b)
Start importing Assets/hahaha.jpg using Guid(4bd1feadc5ae5874ca7d1b05242eb54b) Importer(815301076,1909f56bfc062723c751e8b465ee728b)  -> (artifact id: '68ce7025956dcfe9c6c5334a4980dde7') in 0.033376 seconds
Number of updated asset objects reloaded before import = 0
Number of asset objects unloaded after import = 2
========================================================================
Received Import Request.
  Time since last request: 27.570340 seconds.
  path: Assets/hahaha.jpg
  artifactKey: Guid(4bd1feadc5ae5874ca7d1b05242eb54b) Importer(815301076,1909f56bfc062723c751e8b465ee728b)
Start importing Assets/hahaha.jpg using Guid(4bd1feadc5ae5874ca7d1b05242eb54b) Importer(815301076,1909f56bfc062723c751e8b465ee728b)  -> (artifact id: '5c61775edcd70261b7935dd570cd031b') in 0.022657 seconds
Number of updated asset objects reloaded before import = 0
Number of asset objects unloaded after import = 2
========================================================================
Received Prepare
Begin MonoManager ReloadAssembly
- Loaded All Assemblies, in  1.181 seconds
Refreshing native plugins compatible for Editor in 11.77 ms, found 3 plugins.
Native extension for WindowsStandalone target not found
[Package Manager] Server::EnsureServerProcessIsRunning -- launch failed, reason: Unity was launched with the -noUpm command-line argument
[Package Manager] UpmClient::Send -- Unable to send message (not connected to UPM process).
[Package Manager] Cannot connect to Unity Package Manager local server
Mono: successfully reloaded assembly
- Finished resetting the current domain, in  2.392 seconds
Domain Reload Profiling: 3560ms
	BeginReloadAssembly (323ms)
		ExecutionOrderSort (0ms)
		DisableScriptedObjects (11ms)
		BackupInstance (0ms)
		ReleaseScriptingObjects (0ms)
		CreateAndSetChildDomain (50ms)
	RebuildCommonClasses (106ms)
	RebuildNativeTypeToScriptingClass (35ms)
	initialDomainReloadingComplete (179ms)
	LoadAllAssembliesAndSetupDomain (523ms)
		LoadAssemblies (681ms)
		RebuildTransferFunctionScriptingTraits (0ms)
		AnalyzeDomain (46ms)
			TypeCache.Refresh (18ms)
				TypeCache.ScanAssembly (0ms)
			ScanForSourceGeneratedMonoScriptInfo (17ms)
			ResolveRequiredComponents (10ms)
	FinalizeReload (2394ms)
		ReleaseScriptCaches (0ms)
		RebuildScriptCaches (0ms)
		SetupLoadedEditorAssemblies (1060ms)
			LogAssemblyErrors (0ms)
			InitializePlatformSupportModulesInManaged (22ms)
			SetLoadedEditorAssemblies (13ms)
			RefreshPlugins (0ms)
			BeforeProcessingInitializeOnLoad (152ms)
			ProcessInitializeOnLoadAttributes (728ms)
			ProcessInitializeOnLoadMethodAttributes (77ms)
			AfterProcessingInitializeOnLoad (67ms)
			EditorAssembliesLoaded (0ms)
		ExecutionOrderSort2 (0ms)
		AwakeInstancesAfterBackupRestoration (31ms)
Refreshing native plugins compatible for Editor in 9.32 ms, found 3 plugins.
Preloading 0 native plugins for Editor in 0.00 ms.
Unloading 3090 Unused Serialized files (Serialized files now loaded: 0)
Unloading 23 unused Assets / (31.1 KB). Loaded Objects now: 3565.
Memory consumption went from 121.9 MB to 121.8 MB.
Total: 5.536000 ms (FindLiveObjects: 0.382800 ms CreateObjectMapping: 0.188100 ms MarkObjects: 4.891700 ms  DeleteObjects: 0.071200 ms)

Prepare: number of updated asset objects reloaded= 0
AssetImportParameters requested are different than current active one (requested -> active):
  custom:container-demuxer-ogg: 62fdf1f143b41e24485cea50d1cbac27 -> 
  custom:video-codec-MediaFoundation-h265: 746d11721c4dcdbdad8f713fa42b33f4 -> 
  custom:video-decoder-ogg-theora: a1e56fd34408186e4bbccfd4996cb3dc -> 
  custom:framework-win-MediaFoundation: 216162199b28c13a410421893ffa2e32 -> 
  custom:CustomObjectIndexerAttribute: 9a22284fe3817be447336de3de66b15e -> 
  custom:container-demuxer-webm: 4f35f7cbe854078d1ac9338744f61a02 -> 
  custom:container-muxer-webm: aa71ff27fc2769a1b78a27578f13a17b -> 
  custom:video-decoder-webm-vp8: 9c59270c3fd7afecdb556c50c9e8de78 -> 
  custom:SearchIndexIgnoredProperties: e643bd26f0fe6173181afceb89e7c659 -> 
  custom:AudioImporter_EditorPlatform: d09bf68614088b80899f8185d706f6e7 -> 
  custom:video-encoder-webm-vp8: eb34c28f22e8b96e1ab97ce403110664 -> 
  custom:audio-decoder-ogg-vorbis: bf7c407c2cedff20999df2af8eb42d56 -> 
  custom:audio-encoder-webm-vorbis: bf7c407c2cedff20999df2af8eb42d56 -> 
========================================================================
Received Import Request.
  Time since last request: 233.944898 seconds.
  path: Assets/Textures
  artifactKey: Guid(30f74aca13fa7034d8dcf00718338aaa) Importer(815301076,1909f56bfc062723c751e8b465ee728b)
Start importing Assets/Textures using Guid(30f74aca13fa7034d8dcf00718338aaa) Importer(815301076,1909f56bfc062723c751e8b465ee728b)  -> (artifact id: 'b593dea25297a4cae43bc3d46266fa1f') in 0.004139 seconds
Number of updated asset objects reloaded before import = 0
Number of asset objects unloaded after import = 0
========================================================================
Received Import Request.
  Time since last request: 51.198706 seconds.
  path: Assets/joker.jpg
  artifactKey: Guid(e68c66c4630e5d74199c809e576dd558) Importer(815301076,1909f56bfc062723c751e8b465ee728b)
Start importing Assets/joker.jpg using Guid(e68c66c4630e5d74199c809e576dd558) Importer(815301076,1909f56bfc062723c751e8b465ee728b)  -> (artifact id: '0f9c0dcf4a61fecf97382310bd0ec417') in 0.093425 seconds
Number of updated asset objects reloaded before import = 0
Number of asset objects unloaded after import = 2
========================================================================
Received Import Request.
  Time since last request: 149.519277 seconds.
  path: Assets/Textures/8.JPG
  artifactKey: Guid(b14a2777cbbe8c840947fa28545828de) Importer(815301076,1909f56bfc062723c751e8b465ee728b)
Start importing Assets/Textures/8.JPG using Guid(b14a2777cbbe8c840947fa28545828de) Importer(815301076,1909f56bfc062723c751e8b465ee728b)  -> (artifact id: '676d3da67c3e90197ec547d407b08511') in 0.030878 seconds
Number of updated asset objects reloaded before import = 0
Number of asset objects unloaded after import = 2
========================================================================
Received Import Request.
  Time since last request: 158.863988 seconds.
  path: Assets/Scenes/SampleScene.unity
  artifactKey: Guid(9fc0d4010bbf28b4594072e72b8655ab) Importer(815301076,1909f56bfc062723c751e8b465ee728b)
Start importing Assets/Scenes/SampleScene.unity using Guid(9fc0d4010bbf28b4594072e72b8655ab) Importer(815301076,1909f56bfc062723c751e8b465ee728b)  -> (artifact id: '1e63b0de2b7ee707be6fcf5dad0d000d') in 0.002629 seconds
Number of updated asset objects reloaded before import = 0
Number of asset objects unloaded after import = 0
========================================================================
Received Import Request.
  Time since last request: 9.637270 seconds.
  path: Assets/Scenes/Level3.unity
  artifactKey: Guid(9fc0d4010bbf28b4594072e72b8655ab) Importer(815301076,1909f56bfc062723c751e8b465ee728b)
Start importing Assets/Scenes/Level3.unity using Guid(9fc0d4010bbf28b4594072e72b8655ab) Importer(815301076,1909f56bfc062723c751e8b465ee728b)  -> (artifact id: '4fbe3f261caeb2ef680a96047da85df9') in 0.000950 seconds
Number of updated asset objects reloaded before import = 0
Number of asset objects unloaded after import = 0
========================================================================
Received Import Request.
  Time since last request: 15.069136 seconds.
  path: Assets/Scenes/CharacterSelection.unity
  artifactKey: Guid(2572443079deda64da3b7f974e49a611) Importer(815301076,1909f56bfc062723c751e8b465ee728b)
Start importing Assets/Scenes/CharacterSelection.unity using Guid(2572443079deda64da3b7f974e49a611) Importer(815301076,1909f56bfc062723c751e8b465ee728b)  -> (artifact id: '7577582cd0fb5eb89e9a53f060f24803') in 0.001650 seconds
Number of updated asset objects reloaded before import = 0
Number of asset objects unloaded after import = 0
========================================================================
Received Import Request.
  Time since last request: 124.389561 seconds.
  path: Assets/Scenes/Level3.unity
  artifactKey: Guid(9fc0d4010bbf28b4594072e72b8655ab) Importer(815301076,1909f56bfc062723c751e8b465ee728b)
Start importing Assets/Scenes/Level3.unity using Guid(9fc0d4010bbf28b4594072e72b8655ab) Importer(815301076,1909f56bfc062723c751e8b465ee728b)  -> (artifact id: '5634ef8a55753495271195388d50eecb') in 0.001591 seconds
Number of updated asset objects reloaded before import = 0
Number of asset objects unloaded after import = 0
========================================================================
Received Import Request.
  Time since last request: 20.933512 seconds.
  path: Assets/Scenes/CharacterSelection.unity
  artifactKey: Guid(2572443079deda64da3b7f974e49a611) Importer(815301076,1909f56bfc062723c751e8b465ee728b)
Start importing Assets/Scenes/CharacterSelection.unity using Guid(2572443079deda64da3b7f974e49a611) Importer(815301076,1909f56bfc062723c751e8b465ee728b)  -> (artifact id: '4e79371f5266471ae380a3970016b665') in 0.001812 seconds
Number of updated asset objects reloaded before import = 0
Number of asset objects unloaded after import = 0
========================================================================
Received Import Request.
  Time since last request: 2.563047 seconds.
  path: Assets/Scenes/Level3.unity
  artifactKey: Guid(9fc0d4010bbf28b4594072e72b8655ab) Importer(815301076,1909f56bfc062723c751e8b465ee728b)
Start importing Assets/Scenes/Level3.unity using Guid(9fc0d4010bbf28b4594072e72b8655ab) Importer(815301076,1909f56bfc062723c751e8b465ee728b)  -> (artifact id: '149c430dae4cdcac7bb5864eaa1d5c17') in 0.001244 seconds
Number of updated asset objects reloaded before import = 0
Number of asset objects unloaded after import = 0
========================================================================
Received Import Request.
  Time since last request: 43.265989 seconds.
  path: Assets/Scenes/ExtraAssets.unity
  artifactKey: Guid(a2a5debcdb71bb848901341706bb9c59) Importer(815301076,1909f56bfc062723c751e8b465ee728b)
Start importing Assets/Scenes/ExtraAssets.unity using Guid(a2a5debcdb71bb848901341706bb9c59) Importer(815301076,1909f56bfc062723c751e8b465ee728b)  -> (artifact id: '3cc4b98ee67030fd824d257f3280790b') in 0.000973 seconds
Number of updated asset objects reloaded before import = 0
Number of asset objects unloaded after import = 0
========================================================================
Received Import Request.
  Time since last request: 14.457215 seconds.
  path: Assets/Scenes/Level3(Zain'sMadhouse).unity
  artifactKey: Guid(9fc0d4010bbf28b4594072e72b8655ab) Importer(815301076,1909f56bfc062723c751e8b465ee728b)
Start importing Assets/Scenes/Level3(Zain'sMadhouse).unity using Guid(9fc0d4010bbf28b4594072e72b8655ab) Importer(815301076,1909f56bfc062723c751e8b465ee728b)  -> (artifact id: '7957aca58ba085d6658270300c7ac80e') in 0.001122 seconds
Number of updated asset objects reloaded before import = 0
Number of asset objects unloaded after import = 0
========================================================================
Received Import Request.
  Time since last request: 859.603967 seconds.
  path: Assets/Textures/blood.JPG
  artifactKey: Guid(d3fcfbffd42cb9c49ab214282732bad1) Importer(815301076,1909f56bfc062723c751e8b465ee728b)
Start importing Assets/Textures/blood.JPG using Guid(d3fcfbffd42cb9c49ab214282732bad1) Importer(815301076,1909f56bfc062723c751e8b465ee728b)  -> (artifact id: '95f43a6cb01d9e2315834d723a44486b') in 0.027477 seconds
Number of updated asset objects reloaded before import = 0
Number of asset objects unloaded after import = 2
========================================================================
Received Import Request.
  Time since last request: 0.000029 seconds.
  path: Assets/Textures/Question1.JPG
  artifactKey: Guid(64df4211e21285841a5b4976b44931dd) Importer(815301076,1909f56bfc062723c751e8b465ee728b)
Start importing Assets/Textures/Question1.JPG using Guid(64df4211e21285841a5b4976b44931dd) Importer(815301076,1909f56bfc062723c751e8b465ee728b)  -> (artifact id: '6c08f0e45aebb4f184edc6b367b3b0db') in 0.019520 seconds
Number of updated asset objects reloaded before import = 0
Number of asset objects unloaded after import = 2
========================================================================
Received Import Request.
  Time since last request: 1012.287851 seconds.
  path: Assets/Scripts/BloodRemove.cs
  artifactKey: Guid(236fa3b9ae37ac54f964878cb441f2b3) Importer(815301076,1909f56bfc062723c751e8b465ee728b)
Start importing Assets/Scripts/BloodRemove.cs using Guid(236fa3b9ae37ac54f964878cb441f2b3) Importer(815301076,1909f56bfc062723c751e8b465ee728b)  -> (artifact id: 'a8daf6d3672616a671706f7eff15a05a') in 0.001427 seconds
Number of updated asset objects reloaded before import = 0
Number of asset objects unloaded after import = 0
========================================================================
Received Prepare
Begin MonoManager ReloadAssembly
- Loaded All Assemblies, in  1.400 seconds
Refreshing native plugins compatible for Editor in 12.62 ms, found 3 plugins.
Native extension for WindowsStandalone target not found
[Package Manager] Server::EnsureServerProcessIsRunning -- launch failed, reason: Unity was launched with the -noUpm command-line argument
[Package Manager] UpmClient::Send -- Unable to send message (not connected to UPM process).
[Package Manager] Cannot connect to Unity Package Manager local server
Mono: successfully reloaded assembly
- Finished resetting the current domain, in  2.129 seconds
Domain Reload Profiling: 3502ms
	BeginReloadAssembly (338ms)
		ExecutionOrderSort (0ms)
		DisableScriptedObjects (16ms)
		BackupInstance (0ms)
		ReleaseScriptingObjects (0ms)
		CreateAndSetChildDomain (56ms)
	RebuildCommonClasses (68ms)
	RebuildNativeTypeToScriptingClass (20ms)
	initialDomainReloadingComplete (162ms)
	LoadAllAssembliesAndSetupDomain (785ms)
		LoadAssemblies (946ms)
		RebuildTransferFunctionScriptingTraits (0ms)
		AnalyzeDomain (44ms)
			TypeCache.Refresh (16ms)
				TypeCache.ScanAssembly (0ms)
			ScanForSourceGeneratedMonoScriptInfo (16ms)
			ResolveRequiredComponents (10ms)
	FinalizeReload (2129ms)
		ReleaseScriptCaches (0ms)
		RebuildScriptCaches (0ms)
		SetupLoadedEditorAssemblies (954ms)
			LogAssemblyErrors (0ms)
			InitializePlatformSupportModulesInManaged (14ms)
			SetLoadedEditorAssemblies (5ms)
			RefreshPlugins (0ms)
			BeforeProcessingInitializeOnLoad (138ms)
			ProcessInitializeOnLoadAttributes (744ms)
			ProcessInitializeOnLoadMethodAttributes (36ms)
			AfterProcessingInitializeOnLoad (17ms)
			EditorAssembliesLoaded (0ms)
		ExecutionOrderSort2 (0ms)
		AwakeInstancesAfterBackupRestoration (22ms)
Refreshing native plugins compatible for Editor in 7.06 ms, found 3 plugins.
Preloading 0 native plugins for Editor in 0.00 ms.
Unloading 3091 Unused Serialized files (Serialized files now loaded: 0)
Unloading 23 unused Assets / (31.1 KB). Loaded Objects now: 3570.
Memory consumption went from 123.8 MB to 123.8 MB.
Total: 4.752200 ms (FindLiveObjects: 0.195100 ms CreateObjectMapping: 0.097700 ms MarkObjects: 4.385800 ms  DeleteObjects: 0.072200 ms)

Prepare: number of updated asset objects reloaded= 0
AssetImportParameters requested are different than current active one (requested -> active):
  custom:container-demuxer-ogg: 62fdf1f143b41e24485cea50d1cbac27 -> 
  custom:video-codec-MediaFoundation-h265: 746d11721c4dcdbdad8f713fa42b33f4 -> 
  custom:video-decoder-ogg-theora: a1e56fd34408186e4bbccfd4996cb3dc -> 
  custom:framework-win-MediaFoundation: 216162199b28c13a410421893ffa2e32 -> 
  custom:CustomObjectIndexerAttribute: 9a22284fe3817be447336de3de66b15e -> 
  custom:container-demuxer-webm: 4f35f7cbe854078d1ac9338744f61a02 -> 
  custom:container-muxer-webm: aa71ff27fc2769a1b78a27578f13a17b -> 
  custom:video-decoder-webm-vp8: 9c59270c3fd7afecdb556c50c9e8de78 -> 
  custom:SearchIndexIgnoredProperties: e643bd26f0fe6173181afceb89e7c659 -> 
  custom:AudioImporter_EditorPlatform: d09bf68614088b80899f8185d706f6e7 -> 
  custom:video-encoder-webm-vp8: eb34c28f22e8b96e1ab97ce403110664 -> 
  custom:audio-decoder-ogg-vorbis: bf7c407c2cedff20999df2af8eb42d56 -> 
  custom:audio-encoder-webm-vorbis: bf7c407c2cedff20999df2af8eb42d56 -> 
========================================================================
Received Import Request.
  Time since last request: 9.739753 seconds.
  path: Assets/Scripts/BloodRemove.cs
  artifactKey: Guid(236fa3b9ae37ac54f964878cb441f2b3) Importer(815301076,1909f56bfc062723c751e8b465ee728b)
Start importing Assets/Scripts/BloodRemove.cs using Guid(236fa3b9ae37ac54f964878cb441f2b3) Importer(815301076,1909f56bfc062723c751e8b465ee728b)  -> (artifact id: '5bf83b4f90591313a0c5aec8ab4d7cd1') in 0.004158 seconds
Number of updated asset objects reloaded before import = 0
Number of asset objects unloaded after import = 0
========================================================================
Received Import Request.
  Time since last request: 73.247386 seconds.
  path: Assets/Scripts/Rotate.cs
  artifactKey: Guid(6a7486f6ee6ebf84b98da0c932dadea9) Importer(815301076,1909f56bfc062723c751e8b465ee728b)
Start importing Assets/Scripts/Rotate.cs using Guid(6a7486f6ee6ebf84b98da0c932dadea9) Importer(815301076,1909f56bfc062723c751e8b465ee728b)  -> (artifact id: '831312e74be85fd5198eae84a30c1940') in 0.001296 seconds
Number of updated asset objects reloaded before import = 0
Number of asset objects unloaded after import = 0
========================================================================
Received Prepare
Begin MonoManager ReloadAssembly
- Loaded All Assemblies, in  1.092 seconds
Refreshing native plugins compatible for Editor in 13.98 ms, found 3 plugins.
Native extension for WindowsStandalone target not found
[Package Manager] Server::EnsureServerProcessIsRunning -- launch failed, reason: Unity was launched with the -noUpm command-line argument
[Package Manager] UpmClient::Send -- Unable to send message (not connected to UPM process).
[Package Manager] Cannot connect to Unity Package Manager local server
Mono: successfully reloaded assembly
- Finished resetting the current domain, in  1.957 seconds
Domain Reload Profiling: 3035ms
	BeginReloadAssembly (268ms)
		ExecutionOrderSort (0ms)
		DisableScriptedObjects (7ms)
		BackupInstance (0ms)
		ReleaseScriptingObjects (0ms)
		CreateAndSetChildDomain (35ms)
	RebuildCommonClasses (58ms)
	RebuildNativeTypeToScriptingClass (20ms)
	initialDomainReloadingComplete (88ms)
	LoadAllAssembliesAndSetupDomain (644ms)
		LoadAssemblies (770ms)
		RebuildTransferFunctionScriptingTraits (0ms)
		AnalyzeDomain (46ms)
			TypeCache.Refresh (17ms)
				TypeCache.ScanAssembly (0ms)
			ScanForSourceGeneratedMonoScriptInfo (16ms)
			ResolveRequiredComponents (10ms)
	FinalizeReload (1957ms)
		ReleaseScriptCaches (0ms)
		RebuildScriptCaches (0ms)
		SetupLoadedEditorAssemblies (746ms)
			LogAssemblyErrors (0ms)
			InitializePlatformSupportModulesInManaged (13ms)
			SetLoadedEditorAssemblies (5ms)
			RefreshPlugins (0ms)
			BeforeProcessingInitializeOnLoad (98ms)
			ProcessInitializeOnLoadAttributes (547ms)
			ProcessInitializeOnLoadMethodAttributes (50ms)
			AfterProcessingInitializeOnLoad (33ms)
			EditorAssembliesLoaded (0ms)
		ExecutionOrderSort2 (0ms)
		AwakeInstancesAfterBackupRestoration (24ms)
Refreshing native plugins compatible for Editor in 8.56 ms, found 3 plugins.
Preloading 0 native plugins for Editor in 0.00 ms.
Unloading 3091 Unused Serialized files (Serialized files now loaded: 0)
Unloading 23 unused Assets / (31.1 KB). Loaded Objects now: 3573.
Memory consumption went from 125.7 MB to 125.7 MB.
Total: 4.799700 ms (FindLiveObjects: 0.195000 ms CreateObjectMapping: 0.096800 ms MarkObjects: 4.458100 ms  DeleteObjects: 0.048600 ms)

Prepare: number of updated asset objects reloaded= 0
AssetImportParameters requested are different than current active one (requested -> active):
  custom:container-demuxer-ogg: 62fdf1f143b41e24485cea50d1cbac27 -> 
  custom:video-codec-MediaFoundation-h265: 746d11721c4dcdbdad8f713fa42b33f4 -> 
  custom:video-decoder-ogg-theora: a1e56fd34408186e4bbccfd4996cb3dc -> 
  custom:framework-win-MediaFoundation: 216162199b28c13a410421893ffa2e32 -> 
  custom:CustomObjectIndexerAttribute: 9a22284fe3817be447336de3de66b15e -> 
  custom:container-demuxer-webm: 4f35f7cbe854078d1ac9338744f61a02 -> 
  custom:container-muxer-webm: aa71ff27fc2769a1b78a27578f13a17b -> 
  custom:video-decoder-webm-vp8: 9c59270c3fd7afecdb556c50c9e8de78 -> 
  custom:SearchIndexIgnoredProperties: e643bd26f0fe6173181afceb89e7c659 -> 
  custom:AudioImporter_EditorPlatform: d09bf68614088b80899f8185d706f6e7 -> 
  custom:video-encoder-webm-vp8: eb34c28f22e8b96e1ab97ce403110664 -> 
  custom:audio-decoder-ogg-vorbis: bf7c407c2cedff20999df2af8eb42d56 -> 
  custom:audio-encoder-webm-vorbis: bf7c407c2cedff20999df2af8eb42d56 -> 
========================================================================
Received Prepare
Begin MonoManager ReloadAssembly
- Loaded All Assemblies, in  1.587 seconds
Refreshing native plugins compatible for Editor in 37.09 ms, found 3 plugins.
Native extension for WindowsStandalone target not found
[Package Manager] Server::EnsureServerProcessIsRunning -- launch failed, reason: Unity was launched with the -noUpm command-line argument
[Package Manager] UpmClient::Send -- Unable to send message (not connected to UPM process).
[Package Manager] Cannot connect to Unity Package Manager local server
Mono: successfully reloaded assembly
- Finished resetting the current domain, in  6.407 seconds
Domain Reload Profiling: 7977ms
	BeginReloadAssembly (296ms)
		ExecutionOrderSort (0ms)
		DisableScriptedObjects (6ms)
		BackupInstance (0ms)
		ReleaseScriptingObjects (0ms)
		CreateAndSetChildDomain (50ms)
	RebuildCommonClasses (53ms)
	RebuildNativeTypeToScriptingClass (13ms)
	initialDomainReloadingComplete (82ms)
	LoadAllAssembliesAndSetupDomain (1125ms)
		LoadAssemblies (1249ms)
		RebuildTransferFunctionScriptingTraits (0ms)
		AnalyzeDomain (54ms)
			TypeCache.Refresh (25ms)
				TypeCache.ScanAssembly (0ms)
			ScanForSourceGeneratedMonoScriptInfo (0ms)
			ResolveRequiredComponents (25ms)
	FinalizeReload (6408ms)
		ReleaseScriptCaches (0ms)
		RebuildScriptCaches (0ms)
		SetupLoadedEditorAssemblies (2025ms)
			LogAssemblyErrors (0ms)
			InitializePlatformSupportModulesInManaged (72ms)
			SetLoadedEditorAssemblies (15ms)
			RefreshPlugins (0ms)
			BeforeProcessingInitializeOnLoad (233ms)
			ProcessInitializeOnLoadAttributes (1564ms)
			ProcessInitializeOnLoadMethodAttributes (95ms)
			AfterProcessingInitializeOnLoad (47ms)
			EditorAssembliesLoaded (0ms)
		ExecutionOrderSort2 (0ms)
		AwakeInstancesAfterBackupRestoration (16ms)
Refreshing native plugins compatible for Editor in 5.19 ms, found 3 plugins.
Preloading 0 native plugins for Editor in 0.00 ms.
Unloading 3092 Unused Serialized files (Serialized files now loaded: 0)
Unloading 23 unused Assets / (31.1 KB). Loaded Objects now: 3576.
Memory consumption went from 127.9 MB to 127.9 MB.
Total: 5.847700 ms (FindLiveObjects: 0.323000 ms CreateObjectMapping: 0.236300 ms MarkObjects: 5.212800 ms  DeleteObjects: 0.073900 ms)

Prepare: number of updated asset objects reloaded= 0
AssetImportParameters requested are different than current active one (requested -> active):
  custom:container-demuxer-ogg: 62fdf1f143b41e24485cea50d1cbac27 -> 
  custom:video-codec-MediaFoundation-h265: 746d11721c4dcdbdad8f713fa42b33f4 -> 
  custom:video-decoder-ogg-theora: a1e56fd34408186e4bbccfd4996cb3dc -> 
  custom:framework-win-MediaFoundation: 216162199b28c13a410421893ffa2e32 -> 
  custom:CustomObjectIndexerAttribute: 9a22284fe3817be447336de3de66b15e -> 
  custom:container-demuxer-webm: 4f35f7cbe854078d1ac9338744f61a02 -> 
  custom:container-muxer-webm: aa71ff27fc2769a1b78a27578f13a17b -> 
  custom:video-decoder-webm-vp8: 9c59270c3fd7afecdb556c50c9e8de78 -> 
  custom:SearchIndexIgnoredProperties: e643bd26f0fe6173181afceb89e7c659 -> 
  custom:AudioImporter_EditorPlatform: d09bf68614088b80899f8185d706f6e7 -> 
  custom:video-encoder-webm-vp8: eb34c28f22e8b96e1ab97ce403110664 -> 
  custom:audio-decoder-ogg-vorbis: bf7c407c2cedff20999df2af8eb42d56 -> 
  custom:audio-encoder-webm-vorbis: bf7c407c2cedff20999df2af8eb42d56 -> 
========================================================================
Received Import Request.
  Time since last request: 564.065809 seconds.
  path: Assets/Textures/COver.jpg
  artifactKey: Guid(5eba8440f6ffaae4797fd90ba6142d57) Importer(815301076,1909f56bfc062723c751e8b465ee728b)
Start importing Assets/Textures/COver.jpg using Guid(5eba8440f6ffaae4797fd90ba6142d57) Importer(815301076,1909f56bfc062723c751e8b465ee728b)  -> (artifact id: '482f5a08563d2ad0322da0cb82d0fb29') in 0.092149 seconds
Number of updated asset objects reloaded before import = 0
Number of asset objects unloaded after import = 2
========================================================================
Received Import Request.
  Time since last request: 0.000027 seconds.
  path: Assets/Textures/WallArt2.jpg
  artifactKey: Guid(3e9b9486fa301974081199e4102dff26) Importer(815301076,1909f56bfc062723c751e8b465ee728b)
Start importing Assets/Textures/WallArt2.jpg using Guid(3e9b9486fa301974081199e4102dff26) Importer(815301076,1909f56bfc062723c751e8b465ee728b)  -> (artifact id: 'd9c373136fb16ced6608668d46ca4272') in 0.021507 seconds
Number of updated asset objects reloaded before import = 0
Number of asset objects unloaded after import = 2
========================================================================
Received Import Request.
  Time since last request: 0.000039 seconds.
  path: Assets/Textures/WantedPoster.jpg
  artifactKey: Guid(a0e71df6d67de2e47816ea93ce227a6c) Importer(815301076,1909f56bfc062723c751e8b465ee728b)
Start importing Assets/Textures/WantedPoster.jpg using Guid(a0e71df6d67de2e47816ea93ce227a6c) Importer(815301076,1909f56bfc062723c751e8b465ee728b)  -> (artifact id: '09951db4fc01659384b44a7abd4c8bd9') in 0.024671 seconds
Number of updated asset objects reloaded before import = 0
Number of asset objects unloaded after import = 2
========================================================================
Received Import Request.
  Time since last request: 0.000033 seconds.
  path: Assets/Textures/WantedPoster2.jpg
  artifactKey: Guid(9d74afc499eaff447b9a62c6da0725d5) Importer(815301076,1909f56bfc062723c751e8b465ee728b)
Start importing Assets/Textures/WantedPoster2.jpg using Guid(9d74afc499eaff447b9a62c6da0725d5) Importer(815301076,1909f56bfc062723c751e8b465ee728b)  -> (artifact id: '02a95b49ecdd29fc1a5f2d12faa9c601') in 0.031836 seconds
Number of updated asset objects reloaded before import = 0
Number of asset objects unloaded after import = 2
========================================================================
Received Import Request.
  Time since last request: 0.000033 seconds.
  path: Assets/Textures/WallArt3.jpg
  artifactKey: Guid(b390e45a48bac9347a4593cf2d404963) Importer(815301076,1909f56bfc062723c751e8b465ee728b)
Start importing Assets/Textures/WallArt3.jpg using Guid(b390e45a48bac9347a4593cf2d404963) Importer(815301076,1909f56bfc062723c751e8b465ee728b)  -> (artifact id: '9f1e7a995669d1e30a93d1be9a834c9e') in 0.028585 seconds
Number of updated asset objects reloaded before import = 0
Number of asset objects unloaded after import = 2
========================================================================
Received Import Request.
  Time since last request: 46.424520 seconds.
  path: Assets/Textures/WantedPoster.jpg
  artifactKey: Guid(a0e71df6d67de2e47816ea93ce227a6c) Importer(815301076,1909f56bfc062723c751e8b465ee728b)
Start importing Assets/Textures/WantedPoster.jpg using Guid(a0e71df6d67de2e47816ea93ce227a6c) Importer(815301076,1909f56bfc062723c751e8b465ee728b)  -> (artifact id: 'a0bac90a034b9a2904c78ae5e03dc421') in 0.033571 seconds
Number of updated asset objects reloaded before import = 0
Number of asset objects unloaded after import = 2
========================================================================
Received Import Request.
  Time since last request: 238.960033 seconds.
  path: Assets/Textures/WantedPoster3.jpg
  artifactKey: Guid(4adbb1c813eaabc4db0249bd56abfcde) Importer(815301076,1909f56bfc062723c751e8b465ee728b)
Start importing Assets/Textures/WantedPoster3.jpg using Guid(4adbb1c813eaabc4db0249bd56abfcde) Importer(815301076,1909f56bfc062723c751e8b465ee728b)  -> (artifact id: '86ededbb2de05c6fde5cef5b49698130') in 0.029408 seconds
Number of updated asset objects reloaded before import = 0
Number of asset objects unloaded after import = 2
========================================================================
Received Prepare
Begin MonoManager ReloadAssembly
- Loaded All Assemblies, in  1.653 seconds
Refreshing native plugins compatible for Editor in 31.14 ms, found 3 plugins.
Native extension for WindowsStandalone target not found
[Package Manager] Server::EnsureServerProcessIsRunning -- launch failed, reason: Unity was launched with the -noUpm command-line argument
[Package Manager] UpmClient::Send -- Unable to send message (not connected to UPM process).
[Package Manager] Cannot connect to Unity Package Manager local server
Mono: successfully reloaded assembly
- Finished resetting the current domain, in  6.702 seconds
Domain Reload Profiling: 8340ms
	BeginReloadAssembly (343ms)
		ExecutionOrderSort (0ms)
		DisableScriptedObjects (14ms)
		BackupInstance (0ms)
		ReleaseScriptingObjects (0ms)
		CreateAndSetChildDomain (56ms)
	RebuildCommonClasses (73ms)
	RebuildNativeTypeToScriptingClass (12ms)
	initialDomainReloadingComplete (60ms)
	LoadAllAssembliesAndSetupDomain (1149ms)
		LoadAssemblies (1302ms)
		RebuildTransferFunctionScriptingTraits (0ms)
		AnalyzeDomain (53ms)
			TypeCache.Refresh (26ms)
				TypeCache.ScanAssembly (0ms)
			ScanForSourceGeneratedMonoScriptInfo (1ms)
			ResolveRequiredComponents (22ms)
	FinalizeReload (6702ms)
		ReleaseScriptCaches (0ms)
		RebuildScriptCaches (0ms)
		SetupLoadedEditorAssemblies (2359ms)
			LogAssemblyErrors (0ms)
			InitializePlatformSupportModulesInManaged (62ms)
			SetLoadedEditorAssemblies (16ms)
			RefreshPlugins (0ms)
			BeforeProcessingInitializeOnLoad (385ms)
			ProcessInitializeOnLoadAttributes (1656ms)
			ProcessInitializeOnLoadMethodAttributes (132ms)
			AfterProcessingInitializeOnLoad (108ms)
			EditorAssembliesLoaded (0ms)
		ExecutionOrderSort2 (0ms)
		AwakeInstancesAfterBackupRestoration (50ms)
Refreshing native plugins compatible for Editor in 39.97 ms, found 3 plugins.
Preloading 0 native plugins for Editor in 0.00 ms.
Unloading 3091 Unused Serialized files (Serialized files now loaded: 0)
Unloading 23 unused Assets / (31.1 KB). Loaded Objects now: 3580.
Memory consumption went from 129.6 MB to 129.6 MB.
Total: 9.136800 ms (FindLiveObjects: 0.383500 ms CreateObjectMapping: 0.152800 ms MarkObjects: 8.518300 ms  DeleteObjects: 0.080300 ms)

Prepare: number of updated asset objects reloaded= 0
AssetImportParameters requested are different than current active one (requested -> active):
  custom:container-demuxer-ogg: 62fdf1f143b41e24485cea50d1cbac27 -> 
  custom:video-codec-MediaFoundation-h265: 746d11721c4dcdbdad8f713fa42b33f4 -> 
  custom:video-decoder-ogg-theora: a1e56fd34408186e4bbccfd4996cb3dc -> 
  custom:framework-win-MediaFoundation: 216162199b28c13a410421893ffa2e32 -> 
  custom:CustomObjectIndexerAttribute: 9a22284fe3817be447336de3de66b15e -> 
  custom:container-demuxer-webm: 4f35f7cbe854078d1ac9338744f61a02 -> 
  custom:container-muxer-webm: aa71ff27fc2769a1b78a27578f13a17b -> 
  custom:video-decoder-webm-vp8: 9c59270c3fd7afecdb556c50c9e8de78 -> 
  custom:SearchIndexIgnoredProperties: e643bd26f0fe6173181afceb89e7c659 -> 
  custom:AudioImporter_EditorPlatform: d09bf68614088b80899f8185d706f6e7 -> 
  custom:video-encoder-webm-vp8: eb34c28f22e8b96e1ab97ce403110664 -> 
  custom:audio-decoder-ogg-vorbis: bf7c407c2cedff20999df2af8eb42d56 -> 
  custom:audio-encoder-webm-vorbis: bf7c407c2cedff20999df2af8eb42d56 -> 
========================================================================
Received Import Request.
  Time since last request: 491.854152 seconds.
  path: Assets/Materials/8.mat
  artifactKey: Guid(94e1e7e223ead1c4989fa5a5da00ad30) Importer(815301076,1909f56bfc062723c751e8b465ee728b)
Start importing Assets/Materials/8.mat using Guid(94e1e7e223ead1c4989fa5a5da00ad30) Importer(815301076,1909f56bfc062723c751e8b465ee728b)  -> (artifact id: 'c0e643dbb5dba07dbf1ede0b62538381') in 0.286631 seconds
Number of updated asset objects reloaded before import = 0
Number of asset objects unloaded after import = 2
========================================================================
Received Import Request.
  Time since last request: 0.000029 seconds.
  path: Assets/Materials/WantedPoster3.mat
  artifactKey: Guid(c300eef660331114a85f10011a05a3b3) Importer(815301076,1909f56bfc062723c751e8b465ee728b)
Start importing Assets/Materials/WantedPoster3.mat using Guid(c300eef660331114a85f10011a05a3b3) Importer(815301076,1909f56bfc062723c751e8b465ee728b)  -> (artifact id: 'b2a3ae2ed89999dec032ccd4e3af4835') in 0.031409 seconds
Number of updated asset objects reloaded before import = 0
Number of asset objects unloaded after import = 2
========================================================================
Received Import Request.
  Time since last request: 0.000030 seconds.
  path: Assets/Materials/WantedPoster.mat
  artifactKey: Guid(5d1bbf4a4f9d30a4f8dc9f68f28532c1) Importer(815301076,1909f56bfc062723c751e8b465ee728b)
Start importing Assets/Materials/WantedPoster.mat using Guid(5d1bbf4a4f9d30a4f8dc9f68f28532c1) Importer(815301076,1909f56bfc062723c751e8b465ee728b)  -> (artifact id: '55a54320566972b15ae53c59e7912d6d') in 0.062617 seconds
Number of updated asset objects reloaded before import = 0
Number of asset objects unloaded after import = 2
========================================================================
Received Import Request.
  Time since last request: 0.000058 seconds.
  path: Assets/Materials/WallArt2.mat
  artifactKey: Guid(a91eb61a4d00fcd4689487bf4ac211d7) Importer(815301076,1909f56bfc062723c751e8b465ee728b)
Start importing Assets/Materials/WallArt2.mat using Guid(a91eb61a4d00fcd4689487bf4ac211d7) Importer(815301076,1909f56bfc062723c751e8b465ee728b)  -> (artifact id: '48e4145bcd924c37ac011b036994722b') in 0.054933 seconds
Number of updated asset objects reloaded before import = 0
Number of asset objects unloaded after import = 2
========================================================================
Received Import Request.
  Time since last request: 0.000026 seconds.
  path: Assets/Materials/WallArt3.mat
  artifactKey: Guid(07877ee6af2b17942ad92ac3061958fe) Importer(815301076,1909f56bfc062723c751e8b465ee728b)
Start importing Assets/Materials/WallArt3.mat using Guid(07877ee6af2b17942ad92ac3061958fe) Importer(815301076,1909f56bfc062723c751e8b465ee728b)  -> (artifact id: '648c57e17ec34fc70056efaefa00616f') in 0.026838 seconds
Number of updated asset objects reloaded before import = 0
Number of asset objects unloaded after import = 2
========================================================================
Received Import Request.
  Time since last request: 0.000120 seconds.
  path: Assets/Materials/Question1.mat
  artifactKey: Guid(f2877806e69f4494295d182d7dd13a91) Importer(815301076,1909f56bfc062723c751e8b465ee728b)
Start importing Assets/Materials/Question1.mat using Guid(f2877806e69f4494295d182d7dd13a91) Importer(815301076,1909f56bfc062723c751e8b465ee728b)  -> (artifact id: '48c01bc5fd046705603a641aaf165746') in 0.033360 seconds
Number of updated asset objects reloaded before import = 0
Number of asset objects unloaded after import = 2
========================================================================
Received Import Request.
  Time since last request: 0.000039 seconds.
  path: Assets/Materials/COver.mat
  artifactKey: Guid(0a469277171dbdd4789b406f40a95ddf) Importer(815301076,1909f56bfc062723c751e8b465ee728b)
Start importing Assets/Materials/COver.mat using Guid(0a469277171dbdd4789b406f40a95ddf) Importer(815301076,1909f56bfc062723c751e8b465ee728b)  -> (artifact id: 'f31da5e8d48cbe1fb90a9737fd1f6da7') in 0.033556 seconds
Number of updated asset objects reloaded before import = 0
Number of asset objects unloaded after import = 2
========================================================================
Received Import Request.
  Time since last request: 0.000049 seconds.
  path: Assets/Materials/hahaha.mat
  artifactKey: Guid(396a97c92b366b34bb64a57827a5748b) Importer(815301076,1909f56bfc062723c751e8b465ee728b)
Start importing Assets/Materials/hahaha.mat using Guid(396a97c92b366b34bb64a57827a5748b) Importer(815301076,1909f56bfc062723c751e8b465ee728b)  -> (artifact id: '872f24b9c87105d7192d7b609cbdbd79') in 0.041011 seconds
Number of updated asset objects reloaded before import = 0
Number of asset objects unloaded after import = 2
========================================================================
Received Import Request.
  Time since last request: 0.000090 seconds.
  path: Assets/Materials/joker.mat
  artifactKey: Guid(ffff89057c5a9274a937cfd219b383f3) Importer(815301076,1909f56bfc062723c751e8b465ee728b)
Start importing Assets/Materials/joker.mat using Guid(ffff89057c5a9274a937cfd219b383f3) Importer(815301076,1909f56bfc062723c751e8b465ee728b)  -> (artifact id: 'eccd02f8c9f1e243ce1d0c50a3e4cbf1') in 0.026328 seconds
Number of updated asset objects reloaded before import = 0
Number of asset objects unloaded after import = 2
========================================================================
Received Import Request.
  Time since last request: 0.000036 seconds.
  path: Assets/Materials/blood.mat
  artifactKey: Guid(09f81a45911102b4d91b48a69945d406) Importer(815301076,1909f56bfc062723c751e8b465ee728b)
Start importing Assets/Materials/blood.mat using Guid(09f81a45911102b4d91b48a69945d406) Importer(815301076,1909f56bfc062723c751e8b465ee728b)  -> (artifact id: '8e14899d462b408c32b17e234a39de79') in 0.038231 seconds
Number of updated asset objects reloaded before import = 0
Number of asset objects unloaded after import = 2
========================================================================
Received Import Request.
  Time since last request: 0.000029 seconds.
  path: Assets/Materials/stickers-why-so-serious.mat
  artifactKey: Guid(19d48dc6358dd6047a11d9e8d59ebbd9) Importer(815301076,1909f56bfc062723c751e8b465ee728b)
Start importing Assets/Materials/stickers-why-so-serious.mat using Guid(19d48dc6358dd6047a11d9e8d59ebbd9) Importer(815301076,1909f56bfc062723c751e8b465ee728b)  -> (artifact id: 'c2ee310ace488e9a2412967e78fa14cb') in 0.039855 seconds
Number of updated asset objects reloaded before import = 0
Number of asset objects unloaded after import = 2
========================================================================
Received Import Request.
  Time since last request: 0.000037 seconds.
  path: Assets/Materials/WantedPoster2.mat
  artifactKey: Guid(d64d90f5897816e44b65be20b1ad528a) Importer(815301076,1909f56bfc062723c751e8b465ee728b)
Start importing Assets/Materials/WantedPoster2.mat using Guid(d64d90f5897816e44b65be20b1ad528a) Importer(815301076,1909f56bfc062723c751e8b465ee728b)  -> (artifact id: 'f446cb02d61b52a86385772e8da33717') in 0.052781 seconds
Number of updated asset objects reloaded before import = 0
Number of asset objects unloaded after import = 2
========================================================================
Received Import Request.
  Time since last request: 0.000026 seconds.
  path: Assets/Materials/stickers-why-so-serious-removebg-preview.mat
  artifactKey: Guid(169832840eaf27043bf84d235a6a9126) Importer(815301076,1909f56bfc062723c751e8b465ee728b)
Start importing Assets/Materials/stickers-why-so-serious-removebg-preview.mat using Guid(169832840eaf27043bf84d235a6a9126) Importer(815301076,1909f56bfc062723c751e8b465ee728b)  -> (artifact id: 'a51323e878da89d7177ddacffd68ab73') in 0.032287 seconds
Number of updated asset objects reloaded before import = 0
Number of asset objects unloaded after import = 2
========================================================================
Received Import Request.
  Time since last request: 265.770197 seconds.
  path: Assets/Materials/JokerStuff
  artifactKey: Guid(8ed15b954e5e8fd45b3bd047e8bc58a3) Importer(815301076,1909f56bfc062723c751e8b465ee728b)
Start importing Assets/Materials/JokerStuff using Guid(8ed15b954e5e8fd45b3bd047e8bc58a3) Importer(815301076,1909f56bfc062723c751e8b465ee728b)  -> (artifact id: '3ef65ecdc83cce1b6e5bc5086043f6c7') in 0.001037 seconds
Number of updated asset objects reloaded before import = 0
Number of asset objects unloaded after import = 0
========================================================================
Received Import Request.
  Time since last request: 678.520036 seconds.
  path: Assets/Materials/Riddle.JPG
  artifactKey: Guid(e8ecf395d51b2c24b98e7dcc514ce436) Importer(815301076,1909f56bfc062723c751e8b465ee728b)
Start importing Assets/Materials/Riddle.JPG using Guid(e8ecf395d51b2c24b98e7dcc514ce436) Importer(815301076,1909f56bfc062723c751e8b465ee728b)  -> (artifact id: '59e316600aad4dd61ecddfdee435e4c3') in 0.037229 seconds
Number of updated asset objects reloaded before import = 0
Number of asset objects unloaded after import = 2
========================================================================
Received Import Request.
  Time since last request: 134.761791 seconds.
  path: Assets/Scenes/Level3(Zain'sMadhouse).unity
  artifactKey: Guid(9fc0d4010bbf28b4594072e72b8655ab) Importer(815301076,1909f56bfc062723c751e8b465ee728b)
Start importing Assets/Scenes/Level3(Zain'sMadhouse).unity using Guid(9fc0d4010bbf28b4594072e72b8655ab) Importer(815301076,1909f56bfc062723c751e8b465ee728b)  -> (artifact id: '0e3d32b525a0197c7820ab73e0a61b8d') in 0.001952 seconds
Number of updated asset objects reloaded before import = 0
Number of asset objects unloaded after import = 0
